#! /c/Source/iverilog-install/bin/vvp
:ivl_version "12.0 (devel)" "(s20150603-1539-g2693dd32b)";
:ivl_delay_selection "TYPICAL";
:vpi_time_precision - 12;
:vpi_module "C:\iverilog\lib\ivl\system.vpi";
:vpi_module "C:\iverilog\lib\ivl\vhdl_sys.vpi";
:vpi_module "C:\iverilog\lib\ivl\vhdl_textio.vpi";
:vpi_module "C:\iverilog\lib\ivl\v2005_math.vpi";
:vpi_module "C:\iverilog\lib\ivl\va_math.vpi";
S_00000195c943dfc0 .scope module, "alu_reg_tb" "alu_reg_tb" 2 2;
 .timescale -9 -12;
P_00000195c94765f0 .param/l "TEST_WIDTH" 1 2 4, +C4<00000000000000000000000000000011>;
v00000195c943e380_0 .var "clk_i", 0 0;
v00000195c943be60_0 .var "first_i", 2 0;
v00000195c943bf00_0 .var "opcode_i", 1 0;
v00000195c94836e0_0 .net "result_o", 2 0, v00000195c94370d0_0;  1 drivers
v00000195c9483780_0 .var "rst_i", 0 0;
v00000195c9483820_0 .var "second_i", 2 0;
v00000195c94e4ad0_0 .var "valid_i", 0 0;
v00000195c94e4350_0 .net "valid_o", 0 0, v00000195c943e2e0_0;  1 drivers
S_00000195c943e150 .scope module, "malu_reg_inst" "alu_reg" 2 18, 3 1 0, S_00000195c943dfc0;
 .timescale 0 0;
    .port_info 0 /INPUT 1 "clk_i";
    .port_info 1 /INPUT 1 "rst_i";
    .port_info 2 /INPUT 1 "valid_i";
    .port_info 3 /INPUT 3 "first_i";
    .port_info 4 /INPUT 3 "second_i";
    .port_info 5 /INPUT 2 "opcode_i";
    .port_info 6 /OUTPUT 1 "valid_o";
    .port_info 7 /OUTPUT 3 "result_o";
P_00000195c9475c70 .param/l "WIDTH" 0 3 2, +C4<00000000000000000000000000000011>;
v00000195c943adb0_0 .net "clk_i", 0 0, v00000195c943e380_0;  1 drivers
v00000195c9436d00_0 .net "first_i", 2 0, v00000195c943be60_0;  1 drivers
v00000195c94768f0_0 .net "opcode_i", 1 0, v00000195c943bf00_0;  1 drivers
v00000195c94779a0_0 .var "result", 2 0;
v00000195c94370d0_0 .var "result_o", 2 0;
v00000195c9437210_0 .net "rst_i", 0 0, v00000195c9483780_0;  1 drivers
v00000195c94757a0_0 .net "second_i", 2 0, v00000195c9483820_0;  1 drivers
v00000195c9475840_0 .net "valid_i", 0 0, v00000195c94e4ad0_0;  1 drivers
v00000195c943e2e0_0 .var "valid_o", 0 0;
E_00000195c9475af0 .event posedge, v00000195c943adb0_0;
E_00000195c9476230 .event anyedge, v00000195c94768f0_0, v00000195c9436d00_0, v00000195c94757a0_0;
    .scope S_00000195c943e150;
T_0 ;
    %wait E_00000195c9476230;
    %load/vec4 v00000195c94768f0_0;
    %dup/vec4;
    %pushi/vec4 0, 0, 2;
    %cmp/u;
    %jmp/1 T_0.0, 6;
    %dup/vec4;
    %pushi/vec4 1, 0, 2;
    %cmp/u;
    %jmp/1 T_0.1, 6;
    %dup/vec4;
    %pushi/vec4 2, 0, 2;
    %cmp/u;
    %jmp/1 T_0.2, 6;
    %dup/vec4;
    %pushi/vec4 3, 0, 2;
    %cmp/u;
    %jmp/1 T_0.3, 6;
    %jmp T_0.4;
T_0.0 ;
    %load/vec4 v00000195c9436d00_0;
    %load/vec4 v00000195c94757a0_0;
    %add;
    %store/vec4 v00000195c94779a0_0, 0, 3;
    %jmp T_0.4;
T_0.1 ;
    %load/vec4 v00000195c94757a0_0;
    %load/vec4 v00000195c9436d00_0;
    %cmp/u;
    %flag_get/vec4 4;
    %flag_get/vec4 5;
    %or;
    %pad/u 3;
    %store/vec4 v00000195c94779a0_0, 0, 3;
    %jmp T_0.4;
T_0.2 ;
    %load/vec4 v00000195c94757a0_0;
    %ix/getv 4, v00000195c9436d00_0;
    %shiftl 4;
    %store/vec4 v00000195c94779a0_0, 0, 3;
    %jmp T_0.4;
T_0.3 ;
    %load/vec4 v00000195c9436d00_0;
    %load/vec4 v00000195c94757a0_0;
    %or;
    %inv;
    %store/vec4 v00000195c94779a0_0, 0, 3;
    %jmp T_0.4;
T_0.4 ;
    %pop/vec4 1;
    %jmp T_0;
    .thread T_0, $push;
    .scope S_00000195c943e150;
T_1 ;
    %wait E_00000195c9475af0;
    %load/vec4 v00000195c9437210_0;
    %flag_set/vec4 8;
    %jmp/0xz  T_1.0, 8;
    %pushi/vec4 0, 0, 1;
    %assign/vec4 v00000195c943e2e0_0, 0;
    %jmp T_1.1;
T_1.0 ;
    %load/vec4 v00000195c9475840_0;
    %assign/vec4 v00000195c943e2e0_0, 0;
    %load/vec4 v00000195c9475840_0;
    %flag_set/vec4 8;
    %jmp/0xz  T_1.2, 8;
    %load/vec4 v00000195c94779a0_0;
    %assign/vec4 v00000195c94370d0_0, 0;
T_1.2 ;
T_1.1 ;
    %jmp T_1;
    .thread T_1;
    .scope S_00000195c943dfc0;
T_2 ;
    %pushi/vec4 0, 0, 1;
    %store/vec4 v00000195c943e380_0, 0, 1;
    %delay 1000, 0;
    %pushi/vec4 1, 0, 1;
    %store/vec4 v00000195c943e380_0, 0, 1;
    %delay 1000, 0;
    %jmp T_2;
    .thread T_2;
    .scope S_00000195c943dfc0;
T_3 ;
    %vpi_call 2 35 "$dumpvars" {0 0 0};
    %wait E_00000195c9475af0;
    %delay 500, 0;
    %pushi/vec4 1, 0, 1;
    %store/vec4 v00000195c9483780_0, 0, 1;
    %delay 3000, 0;
    %wait E_00000195c9475af0;
    %delay 500, 0;
    %pushi/vec4 0, 0, 1;
    %store/vec4 v00000195c9483780_0, 0, 1;
    %delay 3000, 0;
    %pushi/vec4 1, 0, 3;
    %store/vec4 v00000195c943be60_0, 0, 3;
    %pushi/vec4 1, 0, 3;
    %store/vec4 v00000195c9483820_0, 0, 3;
    %pushi/vec4 1, 0, 1;
    %store/vec4 v00000195c94e4ad0_0, 0, 1;
    %pushi/vec4 0, 0, 2;
    %store/vec4 v00000195c943bf00_0, 0, 2;
    %wait E_00000195c9475af0;
    %delay 1000, 0;
    %pushi/vec4 1, 0, 1;
    %store/vec4 v00000195c9483780_0, 0, 1;
    %delay 1000, 0;
    %pushi/vec4 0, 0, 1;
    %store/vec4 v00000195c9483780_0, 0, 1;
    %delay 1000, 0;
    %pushi/vec4 7, 0, 3;
    %store/vec4 v00000195c943be60_0, 0, 3;
    %pushi/vec4 7, 0, 3;
    %store/vec4 v00000195c9483820_0, 0, 3;
    %pushi/vec4 1, 0, 1;
    %store/vec4 v00000195c94e4ad0_0, 0, 1;
    %pushi/vec4 0, 0, 2;
    %store/vec4 v00000195c943bf00_0, 0, 2;
    %wait E_00000195c9475af0;
    %delay 1000, 0;
    %pushi/vec4 1, 0, 1;
    %store/vec4 v00000195c9483780_0, 0, 1;
    %delay 1000, 0;
    %pushi/vec4 0, 0, 1;
    %store/vec4 v00000195c9483780_0, 0, 1;
    %delay 1000, 0;
    %wait E_00000195c9475af0;
    %delay 1000, 0;
    %pushi/vec4 1, 0, 1;
    %store/vec4 v00000195c9483780_0, 0, 1;
    %delay 1000, 0;
    %pushi/vec4 0, 0, 1;
    %store/vec4 v00000195c9483780_0, 0, 1;
    %delay 1000, 0;
    %pushi/vec4 3, 0, 3;
    %store/vec4 v00000195c943be60_0, 0, 3;
    %pushi/vec4 3, 0, 3;
    %store/vec4 v00000195c9483820_0, 0, 3;
    %pushi/vec4 1, 0, 1;
    %store/vec4 v00000195c94e4ad0_0, 0, 1;
    %pushi/vec4 1, 0, 2;
    %store/vec4 v00000195c943bf00_0, 0, 2;
    %wait E_00000195c9475af0;
    %delay 1000, 0;
    %pushi/vec4 1, 0, 1;
    %store/vec4 v00000195c9483780_0, 0, 1;
    %delay 1000, 0;
    %pushi/vec4 0, 0, 1;
    %store/vec4 v00000195c9483780_0, 0, 1;
    %delay 1000, 0;
    %pushi/vec4 3, 0, 3;
    %store/vec4 v00000195c943be60_0, 0, 3;
    %pushi/vec4 5, 0, 3;
    %store/vec4 v00000195c9483820_0, 0, 3;
    %pushi/vec4 1, 0, 1;
    %store/vec4 v00000195c94e4ad0_0, 0, 1;
    %pushi/vec4 1, 0, 2;
    %store/vec4 v00000195c943bf00_0, 0, 2;
    %wait E_00000195c9475af0;
    %delay 1000, 0;
    %pushi/vec4 1, 0, 1;
    %store/vec4 v00000195c9483780_0, 0, 1;
    %delay 1000, 0;
    %pushi/vec4 0, 0, 1;
    %store/vec4 v00000195c9483780_0, 0, 1;
    %delay 1000, 0;
    %pushi/vec4 3, 0, 3;
    %store/vec4 v00000195c943be60_0, 0, 3;
    %pushi/vec4 1, 0, 3;
    %store/vec4 v00000195c9483820_0, 0, 3;
    %pushi/vec4 1, 0, 1;
    %store/vec4 v00000195c94e4ad0_0, 0, 1;
    %pushi/vec4 1, 0, 2;
    %store/vec4 v00000195c943bf00_0, 0, 2;
    %wait E_00000195c9475af0;
    %delay 1000, 0;
    %pushi/vec4 1, 0, 1;
    %store/vec4 v00000195c9483780_0, 0, 1;
    %delay 1000, 0;
    %pushi/vec4 0, 0, 1;
    %store/vec4 v00000195c9483780_0, 0, 1;
    %delay 1000, 0;
    %pushi/vec4 2, 0, 3;
    %store/vec4 v00000195c943be60_0, 0, 3;
    %pushi/vec4 1, 0, 3;
    %store/vec4 v00000195c9483820_0, 0, 3;
    %pushi/vec4 1, 0, 1;
    %store/vec4 v00000195c94e4ad0_0, 0, 1;
    %pushi/vec4 2, 0, 2;
    %store/vec4 v00000195c943bf00_0, 0, 2;
    %wait E_00000195c9475af0;
    %delay 1000, 0;
    %pushi/vec4 1, 0, 1;
    %store/vec4 v00000195c9483780_0, 0, 1;
    %delay 1000, 0;
    %pushi/vec4 0, 0, 1;
    %store/vec4 v00000195c9483780_0, 0, 1;
    %delay 1000, 0;
    %pushi/vec4 4, 0, 3;
    %store/vec4 v00000195c943be60_0, 0, 3;
    %pushi/vec4 1, 0, 3;
    %store/vec4 v00000195c9483820_0, 0, 3;
    %pushi/vec4 1, 0, 1;
    %store/vec4 v00000195c94e4ad0_0, 0, 1;
    %pushi/vec4 2, 0, 2;
    %store/vec4 v00000195c943bf00_0, 0, 2;
    %wait E_00000195c9475af0;
    %delay 1000, 0;
    %pushi/vec4 1, 0, 1;
    %store/vec4 v00000195c9483780_0, 0, 1;
    %delay 1000, 0;
    %pushi/vec4 0, 0, 1;
    %store/vec4 v00000195c9483780_0, 0, 1;
    %delay 1000, 0;
    %pushi/vec4 5, 0, 3;
    %store/vec4 v00000195c943be60_0, 0, 3;
    %pushi/vec4 5, 0, 3;
    %store/vec4 v00000195c9483820_0, 0, 3;
    %pushi/vec4 1, 0, 1;
    %store/vec4 v00000195c94e4ad0_0, 0, 1;
    %pushi/vec4 3, 0, 2;
    %store/vec4 v00000195c943bf00_0, 0, 2;
    %wait E_00000195c9475af0;
    %delay 1000, 0;
    %pushi/vec4 1, 0, 1;
    %store/vec4 v00000195c9483780_0, 0, 1;
    %delay 1000, 0;
    %pushi/vec4 0, 0, 1;
    %store/vec4 v00000195c9483780_0, 0, 1;
    %delay 1000, 0;
    %vpi_call 2 144 "$finish" {0 0 0};
    %end;
    .thread T_3;
# The file index is used to find the file name in the following table.
:file_names 4;
    "N/A";
    "<interactive>";
    ".\alu_reg_tb.v";
    ".\alu_reg.v";
